# JRE version: OpenJDK Runtime Environment Temurin-17.0.12+7 (17.0.12+7) (build 17.0.12+7)
# Java VM: OpenJDK 64-Bit Server VM Temurin-17.0.12+7 (17.0.12+7, mixed mode, emulated-client, tiered, compressed oops, compressed class ptrs, g1 gc, windows-amd64)
GC Precious Log:
 CPUs: 12 total, 12 available
 Memory: 6005M
 Large Page Support: Disabled
 NUMA Support: Disabled
 Compressed Oops: Enabled (32-bit)
 Heap Region Size: 1M
 Heap Min Capacity: 8M
 Heap Initial Capacity: 94M
 Heap Max Capacity: 1G
 Pre-touch: Disabled
 Parallel Workers: 10
 Concurrent Workers: 3
 Concurrent Refinement Workers: 10
 Periodic GC: Disabled
Heap:
 garbage-first heap   total 95232K, used 44161K [0x00000000c0000000, 0x0000000100000000)
  region size 1024K, 1 young (1024K), 0 survivors (0K)
 Metaspace       used 60332K, committed 60864K, reserved 1114112K
  class space    used 7570K, committed 7808K, reserved 1048576K
GC Heap History (20 events):
Event: 102813.597 GC heap after
{Heap after GC invocations=2535 (full 2516):
 garbage-first heap   total 95232K, used 44161K [0x00000000c0000000, 0x0000000100000000)
  region size 1024K, 0 young (0K), 0 survivors (0K)
 Metaspace       used 60332K, committed 60864K, reserved 1114112K
  class space    used 7570K, committed 7808K, reserved 1048576K
}
Event: 102823.794 GC heap before
{Heap before GC invocations=2535 (full 2516):
 garbage-first heap   total 95232K, used 44161K [0x00000000c0000000, 0x0000000100000000)
  region size 1024K, 1 young (1024K), 0 survivors (0K)
 Metaspace       used 60332K, committed 60864K, reserved 1114112K
  class space    used 7570K, committed 7808K, reserved 1048576K
}
Event: 102823.824 GC heap after
{Heap after GC invocations=2536 (full 2517):
 garbage-first heap   total 95232K, used 44161K [0x00000000c0000000, 0x0000000100000000)
  region size 1024K, 0 young (0K), 0 survivors (0K)
 Metaspace       used 60332K, committed 60864K, reserved 1114112K
  class space    used 7570K, committed 7808K, reserved 1048576K
}
Event: 102834.024 GC heap before
{Heap before GC invocations=2536 (full 2517):
 garbage-first heap   total 95232K, used 44161K [0x00000000c0000000, 0x0000000100000000)
  region size 1024K, 1 young (1024K), 0 survivors (0K)
 Metaspace       used 60332K, committed 60864K, reserved 1114112K
  class space    used 7570K, committed 7808K, reserved 1048576K
}
Event: 102834.055 GC heap after
{Heap after GC invocations=2537 (full 2518):
 garbage-first heap   total 95232K, used 44161K [0x00000000c0000000, 0x0000000100000000)
  region size 1024K, 0 young (0K), 0 survivors (0K)
 Metaspace       used 60332K, committed 60864K, reserved 1114112K
  class space    used 7570K, committed 7808K, reserved 1048576K
}
Event: 102844.258 GC heap before
{Heap before GC invocations=2537 (full 2518):
 garbage-first heap   total 95232K, used 44161K [0x00000000c0000000, 0x0000000100000000)
  region size 1024K, 1 young (1024K), 0 survivors (0K)
 Metaspace       used 60332K, committed 60864K, reserved 1114112K
  class space    used 7570K, committed 7808K, reserved 1048576K
}
Event: 102844.288 GC heap after
{Heap after GC invocations=2538 (full 2519):
 garbage-first heap   total 95232K, used 44161K [0x00000000c0000000, 0x0000000100000000)
  region size 1024K, 0 young (0K), 0 survivors (0K)
 Metaspace       used 60332K, committed 60864K, reserved 1114112K
  class space    used 7570K, committed 7808K, reserved 1048576K
}
Event: 102854.485 GC heap before
{Heap before GC invocations=2538 (full 2519):
 garbage-first heap   total 95232K, used 44161K [0x00000000c0000000, 0x0000000100000000)
  region size 1024K, 1 young (1024K), 0 survivors (0K)
 Metaspace       used 60332K, committed 60864K, reserved 1114112K
  class space    used 7570K, committed 7808K, reserved 1048576K
}
Event: 102854.528 GC heap after
{Heap after GC invocations=2539 (full 2520):
 garbage-first heap   total 95232K, used 44161K [0x00000000c0000000, 0x0000000100000000)
  region size 1024K, 0 young (0K), 0 survivors (0K)
 Metaspace       used 60332K, committed 60864K, reserved 1114112K
  class space    used 7570K, committed 7808K, reserved 1048576K
}
Event: 102864.736 GC heap before
{Heap before GC invocations=2539 (full 2520):
 garbage-first heap   total 95232K, used 44161K [0x00000000c0000000, 0x0000000100000000)
  region size 1024K, 1 young (1024K), 0 survivors (0K)
 Metaspace       used 60332K, committed 60864K, reserved 1114112K
  class space    used 7570K, committed 7808K, reserved 1048576K
}
Event: 102864.766 GC heap after
{Heap after GC invocations=2540 (full 2521):
 garbage-first heap   total 95232K, used 44161K [0x00000000c0000000, 0x0000000100000000)
  region size 1024K, 0 young (0K), 0 survivors (0K)
 Metaspace       used 60332K, committed 60864K, reserved 1114112K
  class space    used 7570K, committed 7808K, reserved 1048576K
}
Event: 102875.026 GC heap before
{Heap before GC invocations=2540 (full 2521):
 garbage-first heap   total 95232K, used 44161K [0x00000000c0000000, 0x0000000100000000)
  region size 1024K, 1 young (1024K), 0 survivors (0K)
 Metaspace       used 60332K, committed 60864K, reserved 1114112K
  class space    used 7570K, committed 7808K, reserved 1048576K
}
Event: 102875.069 GC heap after
{Heap after GC invocations=2541 (full 2522):
 garbage-first heap   total 95232K, used 44161K [0x00000000c0000000, 0x0000000100000000)
  region size 1024K, 0 young (0K), 0 survivors (0K)
 Metaspace       used 60332K, committed 60864K, reserved 1114112K
  class space    used 7570K, committed 7808K, reserved 1048576K
}
Event: 102885.598 GC heap before
{Heap before GC invocations=2541 (full 2522):
 garbage-first heap   total 95232K, used 44161K [0x00000000c0000000, 0x0000000100000000)
  region size 1024K, 1 young (1024K), 0 survivors (0K)
 Metaspace       used 60332K, committed 60864K, reserved 1114112K
  class space    used 7570K, committed 7808K, reserved 1048576K
}
Event: 102885.628 GC heap after
{Heap after GC invocations=2542 (full 2523):
 garbage-first heap   total 95232K, used 44161K [0x00000000c0000000, 0x0000000100000000)
  region size 1024K, 0 young (0K), 0 survivors (0K)
 Metaspace       used 60332K, committed 60864K, reserved 1114112K
  class space    used 7570K, committed 7808K, reserved 1048576K
}
Event: 102895.848 GC heap before
{Heap before GC invocations=2542 (full 2523):
 garbage-first heap   total 95232K, used 44161K [0x00000000c0000000, 0x0000000100000000)
  region size 1024K, 1 young (1024K), 0 survivors (0K)
 Metaspace       used 60332K, committed 60864K, reserved 1114112K
  class space    used 7570K, committed 7808K, reserved 1048576K
}
Event: 102895.879 GC heap after
{Heap after GC invocations=2543 (full 2524):
 garbage-first heap   total 95232K, used 44161K [0x00000000c0000000, 0x0000000100000000)
  region size 1024K, 0 young (0K), 0 survivors (0K)
 Metaspace       used 60332K, committed 60864K, reserved 1114112K
  class space    used 7570K, committed 7808K, reserved 1048576K
}
Event: 102906.147 GC heap before
{Heap before GC invocations=2543 (full 2524):
 garbage-first heap   total 95232K, used 44161K [0x00000000c0000000, 0x0000000100000000)
  region size 1024K, 1 young (1024K), 0 survivors (0K)
 Metaspace       used 60332K, committed 60864K, reserved 1114112K
  class space    used 7570K, committed 7808K, reserved 1048576K
}
Event: 102906.188 GC heap after
{Heap after GC invocations=2544 (full 2525):
 garbage-first heap   total 95232K, used 44161K [0x00000000c0000000, 0x0000000100000000)
  region size 1024K, 0 young (0K), 0 survivors (0K)
 Metaspace       used 60332K, committed 60864K, reserved 1114112K
  class space    used 7570K, committed 7808K, reserved 1048576K
}
Event: 102916.362 GC heap before
{Heap before GC invocations=2544 (full 2525):
 garbage-first heap   total 95232K, used 44161K [0x00000000c0000000, 0x0000000100000000)
  region size 1024K, 1 young (1024K), 0 survivors (0K)
 Metaspace       used 60332K, committed 60864K, reserved 1114112K
  class space    used 7570K, committed 7808K, reserved 1048576K
}

